<?xml version="1.0" encoding="UTF-8"?>
<Site BuildName="Win32-mingw32-make"
	BuildStamp="20230322-1609-Experimental"
	Name="zzy-laptop"
	Generator="ctest-3.24.2"
	CompilerName="C:/Program Files/TDM-GCC-64/bin/g++.exe"
	CompilerVersion="10.3.0"
	OSName="Windows"
	Hostname="zzy-laptop"
	OSRelease=" Professional"
	OSVersion=" (Build 22621)"
	OSPlatform="AMD64"
	Is64Bits="1"
	VendorString="GenuineIntel"
	VendorID="Intel Corporation"
	FamilyID="6"
	ModelID="10"
	ProcessorCacheSize="-1"
	NumberOfLogicalCPU="20"
	NumberOfPhysicalCPU="14"
	TotalVirtualMemory="19308"
	TotalPhysicalMemory="16108"
	LogicalProcessorsPerPhysical="1"
	ProcessorClockFrequency="2688"
	>
	<Testing>
		<StartDateTime>Mar 23 00:09 [NON-UTF-8-BYTE-0xD6]й[NON-UTF-8-BYTE-0xFA][NON-UTF-8-BYTE-0xB1][NON-UTF-8-BYTE-0xEA]׼ʱ[NON-UTF-8-BYTE-0xBC][NON-UTF-8-BYTE-0xE4]</StartDateTime>
		<StartTestTime>1679501383</StartTestTime>
		<TestList/>
		<EndDateTime>Mar 23 00:09 [NON-UTF-8-BYTE-0xD6]й[NON-UTF-8-BYTE-0xFA][NON-UTF-8-BYTE-0xB1][NON-UTF-8-BYTE-0xEA]׼ʱ[NON-UTF-8-BYTE-0xBC][NON-UTF-8-BYTE-0xE4]</EndDateTime>
		<EndTestTime>1679501383</EndTestTime>
		<ElapsedMinutes>0</ElapsedMinutes>
	</Testing>
</Site>
