<?xml version="1.0" encoding="UTF-8"?>
<Site BuildName="Win32-mingw32-make"
	BuildStamp="20230406-0239-Continuous"
	Name="zzy-laptop"
	Generator="ctest-3.24.2"
	CompilerName="C:/Program Files/TDM-GCC-64/bin/g++.exe"
	CompilerVersion="10.3.0"
	OSName="Windows"
	Hostname="zzy-laptop"
	OSRelease=" Professional"
	OSVersion=" (Build 22621)"
	OSPlatform="AMD64"
	Is64Bits="1"
	VendorString="GenuineIntel"
	VendorID="Intel Corporation"
	FamilyID="6"
	ModelID="10"
	ProcessorCacheSize="-1"
	NumberOfLogicalCPU="20"
	NumberOfPhysicalCPU="14"
	TotalVirtualMemory="19052"
	TotalPhysicalMemory="16108"
	LogicalProcessorsPerPhysical="1"
	ProcessorClockFrequency="2688"
	>
	<Configure>
		<StartDateTime>Apr 06 10:39 [NON-UTF-8-BYTE-0xD6]й[NON-UTF-8-BYTE-0xFA][NON-UTF-8-BYTE-0xB1][NON-UTF-8-BYTE-0xEA]׼ʱ[NON-UTF-8-BYTE-0xBC][NON-UTF-8-BYTE-0xE4]</StartDateTime>
		<StartConfigureTime>1680748771</StartConfigureTime>
		<ConfigureCommand>"D:/Program Files/JetBrains/CLion 2022.3.2/bin/cmake/win/x64/bin/cmake.exe" "D:/docs/Data Structure"</ConfigureCommand>
		<Log>-- Configuring done
-- Generating done
-- Build files have been written to: D:/docs/Data Structure/build
</Log>
		<ConfigureStatus>0</ConfigureStatus>
		<EndDateTime>Apr 06 10:39 [NON-UTF-8-BYTE-0xD6]й[NON-UTF-8-BYTE-0xFA][NON-UTF-8-BYTE-0xB1][NON-UTF-8-BYTE-0xEA]׼ʱ[NON-UTF-8-BYTE-0xBC][NON-UTF-8-BYTE-0xE4]</EndDateTime>
		<EndConfigureTime>1680748772</EndConfigureTime>
		<ElapsedMinutes>0</ElapsedMinutes>
	</Configure>
</Site>
